2020-06-17 06:50:19,950 Latest Wheel Increments: [-0.61742727 -0.91463604]
2020-06-17 06:50:19,956 Closed Loop Phi Targets: [0. 0.]
2020-06-17 06:50:20,012 Closed Loop Phi Targets: [0. 0.]
2020-06-17 06:50:20,062 Latest Wheel Increments: [ 0.00019175 -0.00019175]
2020-06-17 06:50:20,149 Closed Loop Phi Targets: [0. 0.]
2020-06-17 06:50:20,198 Closed Loop Phi Targets: [0. 0.]
2020-06-17 06:50:20,251 Latest Wheel Increments: [-0.0003835 -0.0003835]
2020-06-17 06:50:20,339 Closed Loop Phi Targets: [0. 0.]
2020-06-17 06:50:20,393 Closed Loop Phi Targets: [0. 0.]
2020-06-17 06:50:20,448 Latest Wheel Increments: [0.         0.00057524]
2020-06-17 06:50:20,537 Closed Loop Phi Targets: [0. 0.]
2020-06-17 06:50:20,594 Closed Loop Phi Targets: [3.65853659 3.65853659]
2020-06-17 06:50:20,650 Closed Loop Phi Targets: [3.65853659 3.65853659]
2020-06-17 06:50:20,704 Latest Wheel Increments: [0.2159078  0.09913351]
2020-06-17 06:50:20,793 Closed Loop Phi Targets: [3.65853659 3.65853659]
2020-06-17 06:50:20,847 Latest Wheel Increments: [0.68492242 0.61742727]
2020-06-17 06:50:20,936 Closed Loop Phi Targets: [3.65853659 3.65853659]
2020-06-17 06:50:20,990 Latest Wheel Increments: [1.16889336 1.08145646]
2020-06-17 06:50:21,076 Closed Loop Phi Targets: [3.65853659 3.65853659]
2020-06-17 06:50:21,126 Latest Wheel Increments: [0.87130109 0.88759963]
2020-06-17 06:50:21,213 Closed Loop Phi Targets: [3.65853659 3.65853659]
2020-06-17 06:50:21,266 Latest Wheel Increments: [1.20896861 1.15700501]
2020-06-17 06:50:21,356 Closed Loop Phi Targets: [3.65853659 3.65853659]
2020-06-17 06:50:21,411 Latest Wheel Increments: [0.98481567 1.10274044]
2020-06-17 06:50:21,501 Closed Loop Phi Targets: [3.65853659 3.65853659]
2020-06-17 06:50:21,556 Latest Wheel Increments: [1.23696376 1.1460754 ]
2020-06-17 06:50:21,646 Closed Loop Phi Targets: [3.65853659 3.65853659]
2020-06-17 06:50:21,701 Latest Wheel Increments: [0.91329381 0.93150983]
2020-06-17 06:50:21,790 Closed Loop Phi Targets: [0. 0.]
2020-06-17 06:50:21,845 Closed Loop Phi Targets: [3.65853659 3.65853659]
2020-06-17 06:50:21,899 Latest Wheel Increments: [1.20321618 1.35853174]
2020-06-17 06:50:21,987 Closed Loop Phi Targets: [0. 0.]
2020-06-17 06:50:22,041 Closed Loop Phi Targets: [3.65853659 3.65853659]
2020-06-17 06:50:22,094 Latest Wheel Increments: [0.40228646 0.34169422]
2020-06-17 06:50:22,183 Closed Loop Phi Targets: [0. 0.]
2020-06-17 06:50:22,249 Latest Wheel Increments: [0.16145148 0.51407531]
2020-06-17 06:50:22,257 Closed Loop Phi Targets: [-7.35365854  7.35365854]
2020-06-17 06:50:22,310 Closed Loop Phi Targets: [-7.35365854  7.35365854]
2020-06-17 06:50:22,365 Latest Wheel Increments: [-0.72595641  0.34667966]
2020-06-17 06:50:22,454 Closed Loop Phi Targets: [-7.35365854  7.35365854]
2020-06-17 06:50:22,510 Latest Wheel Increments: [1.43158757 1.51595651]
2020-06-17 06:50:22,598 Closed Loop Phi Targets: [-7.35365854  7.35365854]
2020-06-17 06:50:22,651 Latest Wheel Increments: [ 1.39458028 -1.52458516]
2020-06-17 06:50:22,741 Closed Loop Phi Targets: [-7.35365854  7.35365854]
2020-06-17 06:50:22,796 Latest Wheel Increments: [ 1.40225019 -1.52995409]
2020-06-17 06:50:22,887 Closed Loop Phi Targets: [-7.35365854  7.35365854]
2020-06-17 06:50:22,940 Latest Wheel Increments: [ 1.37233756 -1.47875748]
2020-06-17 06:50:23,030 Closed Loop Phi Targets: [-7.35365854  7.35365854]
2020-06-17 06:50:23,084 Latest Wheel Increments: [ 1.41145407 -1.5090536 ]
2020-06-17 06:50:23,173 Closed Loop Phi Targets: [-7.35365854  7.35365854]
2020-06-17 06:50:23,226 Latest Wheel Increments: [ 1.37866523 -1.51576477]
2020-06-17 06:50:23,316 Closed Loop Phi Targets: [-7.35365854  7.35365854]
2020-06-17 06:50:23,371 Latest Wheel Increments: [ 1.39956572 -1.49774049]
2020-06-17 06:50:23,459 Closed Loop Phi Targets: [-7.35365854  7.35365854]
2020-06-17 06:50:23,513 Latest Wheel Increments: [ 1.41643951 -1.51499778]
2020-06-17 06:50:23,602 Closed Loop Phi Targets: [-7.35365854  7.35365854]
2020-06-17 06:50:23,654 Latest Wheel Increments: [ 1.4172065  -1.51442253]
2020-06-17 06:50:23,741 Closed Loop Phi Targets: [-7.35365854  7.35365854]
2020-06-17 06:50:23,790 Latest Wheel Increments: [1.47051233 1.54414341]
2020-06-17 06:50:23,876 Closed Loop Phi Targets: [-7.35365854  7.35365854]
2020-06-17 06:50:23,926 Latest Wheel Increments: [1.49045408 1.5452939 ]
2020-06-17 06:50:24,012 Closed Loop Phi Targets: [-7.35365854  7.35365854]
2020-06-17 06:50:24,065 Latest Wheel Increments: [1.4687866  1.57002934]
2020-06-17 06:50:24,154 Closed Loop Phi Targets: [-7.35365854  7.35365854]
2020-06-17 06:50:24,209 Latest Wheel Increments: [ 1.41298805 -1.48796136]
2020-06-17 06:50:24,298 Closed Loop Phi Targets: [-7.35365854  7.35365854]
2020-06-17 06:50:24,351 Latest Wheel Increments: [ 1.38729388 -1.51557302]
2020-06-17 06:50:24,441 Closed Loop Phi Targets: [-7.35365854  7.35365854]
2020-06-17 06:50:24,494 Latest Wheel Increments: [ 1.4248764  -1.52343467]
2020-06-17 06:50:24,583 Closed Loop Phi Targets: [-7.35365854  7.35365854]
2020-06-17 06:50:24,635 Latest Wheel Increments: [ 1.41797349 -1.52190069]
2020-06-17 06:50:24,725 Closed Loop Phi Targets: [-7.35365854  7.35365854]
2020-06-17 06:50:24,780 Latest Wheel Increments: [ 1.38058271 -1.4848934 ]
2020-06-17 06:50:24,870 Closed Loop Phi Targets: [-7.35365854  7.35365854]
2020-06-17 06:50:24,922 Latest Wheel Increments: [ 1.38997834 -1.51825748]
2020-06-17 06:50:25,012 Closed Loop Phi Targets: [-7.35365854  7.35365854]
2020-06-17 06:50:25,071 Latest Wheel Increments: [ 1.35910698 -1.45689825]
2020-06-17 06:50:25,160 Closed Loop Phi Targets: [-7.35365854  7.35365854]
2020-06-17 06:50:25,214 Latest Wheel Increments: [ 1.40876961 -1.49620651]
2020-06-17 06:50:25,302 Closed Loop Phi Targets: [-7.35365854  7.35365854]
2020-06-17 06:50:25,353 Latest Wheel Increments: [ 1.41643951 -1.52611914]
2020-06-17 06:50:25,443 Closed Loop Phi Targets: [-7.35365854  7.35365854]
2020-06-17 06:50:25,495 Latest Wheel Increments: [ 1.43350505 -1.54682788]
2020-06-17 06:50:25,585 Closed Loop Phi Targets: [-7.35365854  7.35365854]
2020-06-17 06:50:25,638 Latest Wheel Increments: [ 1.40781087 -1.51039583]
2020-06-17 06:50:25,727 Closed Loop Phi Targets: [-7.35365854  7.35365854]
2020-06-17 06:50:25,779 Latest Wheel Increments: [ 1.41624776 -1.52132545]
2020-06-17 06:50:25,867 Closed Loop Phi Targets: [-7.35365854  7.35365854]
2020-06-17 06:50:25,919 Latest Wheel Increments: [ 1.43580602 -1.54280118]
2020-06-17 06:50:26,009 Closed Loop Phi Targets: [-7.35365854  7.35365854]
2020-06-17 06:50:26,059 Latest Wheel Increments: [ 1.43254631 -1.53359729]
2020-06-17 06:50:26,149 Closed Loop Phi Targets: [-7.35365854  7.35365854]
2020-06-17 06:50:26,203 Latest Wheel Increments: [ 1.42851961 -1.52861186]
2020-06-17 06:50:26,292 Closed Loop Phi Targets: [-7.35365854  7.35365854]
2020-06-17 06:50:26,346 Latest Wheel Increments: [ 1.39074533 -1.49448078]
2020-06-17 06:50:26,435 Closed Loop Phi Targets: [-7.35365854  7.35365854]
2020-06-17 06:50:26,487 Latest Wheel Increments: [ 1.39592252 -1.52400991]
2020-06-17 06:50:26,575 Closed Loop Phi Targets: [-7.35365854  7.35365854]
2020-06-17 06:50:26,628 Latest Wheel Increments: [ 1.45229631 -1.54586914]
2020-06-17 06:50:26,718 Closed Loop Phi Targets: [-7.35365854  7.35365854]
2020-06-17 06:50:26,772 Latest Wheel Increments: [ 1.40857786 -1.5207502 ]
2020-06-17 06:50:26,861 Closed Loop Phi Targets: [-7.35365854  7.35365854]
2020-06-17 06:50:26,914 Latest Wheel Increments: [ 1.38978659 -1.49352204]
2020-06-17 06:50:27,002 Closed Loop Phi Targets: [-7.35365854  7.35365854]
2020-06-17 06:50:27,056 Latest Wheel Increments: [ 1.43273806 -1.53398079]
2020-06-17 06:50:27,145 Closed Loop Phi Targets: [-7.35365854  7.35365854]
2020-06-17 06:50:27,196 Latest Wheel Increments: [ 1.42372592 -1.54145894]
2020-06-17 06:50:27,287 Closed Loop Phi Targets: [-7.35365854  7.35365854]
2020-06-17 06:50:27,341 Latest Wheel Increments: [ 1.41567252 -1.51902448]
2020-06-17 06:50:27,429 Closed Loop Phi Targets: [-7.35365854  7.35365854]
2020-06-17 06:50:27,483 Latest Wheel Increments: [ 1.38921135 -1.50809486]
2020-06-17 06:50:27,573 Closed Loop Phi Targets: [-7.35365854  7.35365854]
2020-06-17 06:50:27,626 Latest Wheel Increments: [ 1.41107058 -1.52247593]
2020-06-17 06:50:27,716 Closed Loop Phi Targets: [-7.35365854  7.35365854]
2020-06-17 06:50:27,770 Latest Wheel Increments: [ 1.38959485 -1.49908272]
2020-06-17 06:50:27,859 Closed Loop Phi Targets: [-7.35365854  7.35365854]
2020-06-17 06:50:27,911 Latest Wheel Increments: [ 1.42736912 -1.53589826]
2020-06-17 06:50:28,000 Closed Loop Phi Targets: [-7.35365854  7.35365854]
2020-06-17 06:50:28,055 Latest Wheel Increments: [ 1.38230844 -1.48335942]
2020-06-17 06:50:28,144 Closed Loop Phi Targets: [-7.35365854  7.35365854]
2020-06-17 06:50:28,198 Latest Wheel Increments: [ 1.41816524 -1.52976234]
2020-06-17 06:50:28,287 Closed Loop Phi Targets: [-7.35365854  7.35365854]
2020-06-17 06:50:28,340 Latest Wheel Increments: [ 1.41337155 -1.5251604 ]
2020-06-17 06:50:28,430 Closed Loop Phi Targets: [-7.35365854  7.35365854]
2020-06-17 06:50:28,485 Latest Wheel Increments: [ 1.37578902 -1.49793224]
2020-06-17 06:50:28,572 Closed Loop Phi Targets: [-7.35365854  7.35365854]
2020-06-17 06:50:28,626 Latest Wheel Increments: [ 1.42391767 -1.51403904]
2020-06-17 06:50:28,716 Closed Loop Phi Targets: [-7.35365854  7.35365854]
2020-06-17 06:50:28,769 Latest Wheel Increments: [ 1.42641039 -1.52707787]
2020-06-17 06:50:28,859 Closed Loop Phi Targets: [-7.35365854  7.35365854]
2020-06-17 06:50:28,911 Latest Wheel Increments: [ 1.39899048 -1.52707787]
2020-06-17 06:50:29,001 Closed Loop Phi Targets: [-7.35365854  7.35365854]
2020-06-17 06:50:29,052 Latest Wheel Increments: [ 1.40876961 -1.5207502 ]
